{"C:\\Users\\Guestt\\Desktop\\Ngoding JS\\latihan testing\\gradeCalculations.js": {"path":"C:\\Users\\Guestt\\Desktop\\Ngoding JS\\latihan testing\\gradeCalculations.js","statementMap":{"0":{"start":{"line":1,"column":21},"end":{"line":7,"column":1}},"1":{"start":{"line":2,"column":28},"end":{"line":2,"column":78}},"2":{"start":{"line":2,"column":53},"end":{"line":2,"column":77}},"3":{"start":{"line":3,"column":3},"end":{"line":3,"column":60}},"4":{"start":{"line":3,"column":25},"end":{"line":3,"column":60}},"5":{"start":{"line":5,"column":21},"end":{"line":5,"column":68}},"6":{"start":{"line":5,"column":54},"end":{"line":5,"column":64}},"7":{"start":{"line":6,"column":3},"end":{"line":6,"column":40}},"8":{"start":{"line":9,"column":26},"end":{"line":19,"column":1}},"9":{"start":{"line":10,"column":21},"end":{"line":10,"column":23}},"10":{"start":{"line":11,"column":19},"end":{"line":11,"column":43}},"11":{"start":{"line":12,"column":3},"end":{"line":18,"column":4}},"12":{"start":{"line":13,"column":6},"end":{"line":13,"column":44}},"13":{"start":{"line":14,"column":6},"end":{"line":14,"column":18}},"14":{"start":{"line":16,"column":6},"end":{"line":16,"column":44}},"15":{"start":{"line":17,"column":6},"end":{"line":17,"column":19}},"16":{"start":{"line":21,"column":0},"end":{"line":21,"column":50}}},"fnMap":{"0":{"name":"(anonymous_0)","decl":{"start":{"line":1,"column":21},"end":{"line":1,"column":22}},"loc":{"start":{"line":1,"column":35},"end":{"line":7,"column":1}},"line":1},"1":{"name":"(anonymous_1)","decl":{"start":{"line":2,"column":45},"end":{"line":2,"column":46}},"loc":{"start":{"line":2,"column":53},"end":{"line":2,"column":77}},"line":2},"2":{"name":"(anonymous_2)","decl":{"start":{"line":5,"column":39},"end":{"line":5,"column":40}},"loc":{"start":{"line":5,"column":54},"end":{"line":5,"column":64}},"line":5},"3":{"name":"(anonymous_3)","decl":{"start":{"line":9,"column":26},"end":{"line":9,"column":27}},"loc":{"start":{"line":9,"column":48},"end":{"line":19,"column":1}},"line":9}},"branchMap":{"0":{"loc":{"start":{"line":3,"column":3},"end":{"line":3,"column":60}},"type":"if","locations":[{"start":{"line":3,"column":3},"end":{"line":3,"column":60}},{"start":{},"end":{}}],"line":3},"1":{"loc":{"start":{"line":12,"column":3},"end":{"line":18,"column":4}},"type":"if","locations":[{"start":{"line":12,"column":3},"end":{"line":18,"column":4}},{"start":{"line":15,"column":10},"end":{"line":18,"column":4}}],"line":12}},"s":{"0":1,"1":3,"2":15,"3":3,"4":0,"5":3,"6":15,"7":3,"8":1,"9":2,"10":2,"11":2,"12":1,"13":1,"14":1,"15":1,"16":1},"f":{"0":3,"1":15,"2":15,"3":2},"b":{"0":[0,3],"1":[1,1]},"_coverageSchema":"1a1c01bbd47fc00a2c39e90264f33305004495a9","hash":"a3547b0fa9faa5ac2fbb1e94a183145c31d8ec25"}
}
